\BOOKMARK [0][-]{section*.1}{Llista de figures}{}% 1
\BOOKMARK [0][-]{chapter.1}{Introducci\363}{}% 2
\BOOKMARK [0][-]{chapter.2}{An\340lisi electromagn\350tic}{}% 3
\BOOKMARK [1][-]{section.2.1}{Antena dipol en /2}{chapter.2}% 4
\BOOKMARK [2][-]{subsection.2.1.1}{En espai lliure}{section.2.1}% 5
\BOOKMARK [2][-]{subsection.2.1.2}{A certa dist\340ncia d\220un pla conductor perfecte}{section.2.1}% 6
\BOOKMARK [2][-]{subsection.2.1.3}{Sobre un cilindre met\340l\267lic}{section.2.1}% 7
\BOOKMARK [1][-]{section.2.2}{Antena monopol en /4}{chapter.2}% 8
\BOOKMARK [2][-]{subsection.2.2.1}{Sobre un pla conductor perfecte}{section.2.2}% 9
\BOOKMARK [2][-]{subsection.2.2.2}{Sobre un cilindre met\340l\267lic}{section.2.2}% 10
\BOOKMARK [0][-]{chapter.3}{Antena Escollida}{}% 11
\BOOKMARK [1][-]{section.3.1}{Resist\350ncia aerodin\340mica par\340sita}{chapter.3}% 12
\BOOKMARK [1][-]{section.3.2}{Construcci\363 de l'Antena}{chapter.3}% 13
\BOOKMARK [2][-]{subsection.3.2.1}{Balun}{section.3.2}% 14
\BOOKMARK [2][-]{subsection.3.2.2}{Cap de l'antena}{section.3.2}% 15
\BOOKMARK [1][-]{section.3.3}{Mesures}{chapter.3}% 16
\BOOKMARK [2][-]{subsection.3.3.1}{Mesura del coeficient de reflexi\363 }{section.3.3}% 17
\BOOKMARK [2][-]{subsection.3.3.2}{Mesura del SWR}{section.3.3}% 18
\BOOKMARK [2][-]{subsection.3.3.3}{Carta de Smith}{section.3.3}% 19
\BOOKMARK [2][-]{subsection.3.3.4}{Altres}{section.3.3}% 20
\BOOKMARK [0][-]{chapter.4}{Conclusions}{}% 21
\BOOKMARK [0][-]{chapter.5}{Bibliografia}{}% 22
